  main.cpp
C:\Users\mario\source\repos\TareaHashSet\TareaHashSet\HashTableChaining.h(93,12): warning C4566: el carácter representado por el nombre de carácter universal '\uFFFD' no se puede representar en la página de códigos actual (1252)
  (compilando archivo de origen "main.cpp")
  
C:\Users\mario\source\repos\TareaHashSet\TareaHashSet\HashTableChaining.h(91,21): warning C4018: '<': no coinciden signed/unsigned
  (compilando archivo de origen "main.cpp")
      C:\Users\mario\source\repos\TareaHashSet\TareaHashSet\HashTableChaining.h(91,21):
      el contexto de creación de instancias de la plantilla (el más antiguo primero) es
          C:\Users\mario\source\repos\TareaHashSet\TareaHashSet\main.cpp(8,18):
          Vea la referencia a la creación de una instancia de clase plantilla "HashSet<int>" que se está compilando
          C:\Users\mario\source\repos\TareaHashSet\TareaHashSet\HashSet.h(9,26):
          Vea la referencia a la creación de una instancia de clase plantilla "HashTableChaining<T>" que se está compilando
          with
          [
              T=int
          ]
          C:\Users\mario\source\repos\TareaHashSet\TareaHashSet\HashTableChaining.h(88,7):
          al compilar la función del miembro clase plantilla "void HashTableChaining<T>::Print(void)"
          with
          [
              T=int
          ]
              C:\Users\mario\source\repos\TareaHashSet\TareaHashSet\HashSet.h(44,19):
              vea la primera referencia a “HashTableChaining<T>::Print” en “HashSet<int>::Print”
          with
          [
              T=int
          ]
              C:\Users\mario\source\repos\TareaHashSet\TareaHashSet\main.cpp(17,16):
              vea la primera referencia a “HashSet<int>::Print” en “main”
  
  TareaHashSet.vcxproj -> C:\Users\mario\source\repos\TareaHashSet\x64\Debug\TareaHashSet.exe
